#
# There is insufficient memory for the Java Runtime Environment to continue.
# Native memory allocation (mmap) failed to map 3321888768 bytes for Failed to commit area from 0x0000029434000000 to 0x00000294fa000000 of length 3321888768.
# Possible reasons:
#   The system is out of physical RAM or swap space
# Possible solutions:
#   Reduce memory load on the system
#   Increase physical memory or swap space
#   Check if swap backing store is full
#   Decrease Java heap size (-Xmx/-Xms)
#   Decrease number of Java threads
#   Decrease Java thread stack sizes (-Xss)
#   Set larger code cache with -XX:ReservedCodeCacheSize=
# This output file may be truncated or incomplete.
#
#  Out of Memory Error (./open/src/hotspot/os/windows/os_windows.cpp:3275), pid=6804, tid=8796
#
# JRE version: Java(TM) SE Runtime Environment 18.9 (11.0.9+7) (build 11.0.9+7-LTS)
# Java VM: Java HotSpot(TM) 64-Bit Server VM 18.9 (11.0.9+7-LTS, mixed mode, tiered, g1 gc, windows-amd64)
# No core dump will be written. Minidumps are not enabled by default on client versions of Windows
#

---------------  S U M M A R Y ------------

Command Line: -Xmx128G -Dspark.executor.memory=32G -Dspark.driver.memory=32G -Dspark.driver.total.executor.cores=96 -Dspark.executor.cores=8 -Dspark.driver.cores=3 -Dspark.executor.instances=10 -Dspark.yarn.executor.memoryOverhead=8G -Dspark.driver.maxResultSize=16G Main MB6 INCREMENTAL 100000

Host: Intel(R) Core(TM) i3-7020U CPU @ 2.30GHz, 4 cores, 3G,  Windows 10 , 64 bit Build 22621 (10.0.22621.3958)
Time: Mon Jul  7 21:10:38 2025 Θερινή ώρα GTB elapsed time: 56.337719 seconds (0d 0h 0m 56s)

---------------  T H R E A D  ---------------

Current thread (0x000002b44ca58000):  VMThread "VM Thread" [stack: 0x000000ddb1f00000,0x000000ddb2000000] [id=8796]

Stack: [0x000000ddb1f00000,0x000000ddb2000000]
[error occurred during error reporting (printing stack bounds), id 0xc0000005, EXCEPTION_ACCESS_VIOLATION (0xc0000005) at pc=0x000002932ad00da0]

Native frames: (J=compiled Java code, j=interpreted, Vv=VM code, C=native code)
V  [jvm.dll+0x611a3a]
V  [jvm.dll+0x748aaf]
V  [jvm.dll+0x74a135]
V  [jvm.dll+0x74a715]
V  [jvm.dll+0x74a6cb]
V  [jvm.dll+0x611323]
V  [jvm.dll+0x6116e8]
C  [ntdll.dll+0xa517f]
C  [ntdll.dll+0x1e856]
C  [ntdll.dll+0xa416e]
C  0x000002932ad00da0

VM_Operation (0x000000ddb5ffdda0): G1CollectForAllocation, mode: safepoint, requested by thread 0x000002b45201f800


---------------  P R O C E S S  ---------------

Threads class SMR info:
_java_thread_list=0x000002b4544f0b40, length=88, elements={
0x00000293228c3800, 0x000002b44ca5c800, 0x000002b44ca5f800, 0x000002b44cabe000,
0x000002b44cac0000, 0x000002b44cac1000, 0x000002b44cac7800, 0x000002b44cc75000,
0x000002b44cf62800, 0x000002b44cf7c000, 0x000002b44e03a800, 0x000002b44ea81800,
0x000002b44e781800, 0x000002b44e2ea000, 0x000002b44d6ad800, 0x000002b44dc13000,
0x000002b44d92e000, 0x000002b44cdb7000, 0x000002b44ddc4000, 0x000002b44dd9b000,
0x000002b44dd9c000, 0x000002b44dd9c800, 0x000002b44dd9d800, 0x000002b44dd9e800,
0x000002b44dd9f000, 0x000002b44dda0000, 0x000002b44dda1000, 0x000002b44dda1800,
0x000002b44d325000, 0x000002b44d328000, 0x000002b44d327800, 0x000002b44d325800,
0x000002b44d326800, 0x000002b44d329000, 0x000002b44d323800, 0x000002b44d32a000,
0x000002b44d324000, 0x000002b44d32b800, 0x000002b44d32a800, 0x000002b44d331000,
0x000002b44d32f800, 0x000002b44d332000, 0x000002b44d32d000, 0x000002b44d330800,
0x000002b44d32e000, 0x000002b44d32e800, 0x000002b44d32c800, 0x000002b45201c000,
0x000002b452019000, 0x000002b45201d000, 0x000002b45201b800, 0x000002b45201e800,
0x000002b45201a800, 0x000002b45201f800, 0x000002b45201a000, 0x000002b452023000,
0x000002b452020800, 0x000002b452022000, 0x000002b452021000, 0x000002b452027000,
0x000002b452025000, 0x000002b44d371000, 0x000002b44d36b800, 0x000002b44d36f800,
0x000002b44d36c000, 0x000002b44d372000, 0x000002b44d372800, 0x000002b44d36d000,
0x000002b44d36e800, 0x000002b44d373800, 0x000002b44d370000, 0x000002b44d36d800,
0x000002b44d377800, 0x000002b44d374000, 0x000002b44d375000, 0x000002b44d376000,
0x000002b44d378800, 0x000002b44d376800, 0x000002b44d379000, 0x000002b44d37a000,
0x000002b452023800, 0x000002b452024800, 0x000002b452026000, 0x000002b456bc5000,
0x000002b456bc7800, 0x000002b456bc7000, 0x000002b456bc4800, 0x000002b456bc2000
}

Java Threads: ( => current thread )
  0x00000293228c3800 JavaThread "main" [_thread_blocked, id=13980, stack(0x000000ddb1900000,0x000000ddb1a00000)]
  0x000002b44ca5c800 JavaThread "Reference Handler" daemon [_thread_blocked, id=6544, stack(0x000000ddb2000000,0x000000ddb2100000)]
  0x000002b44ca5f800 JavaThread "Finalizer" daemon [_thread_blocked, id=7404, stack(0x000000ddb2100000,0x000000ddb2200000)]
  0x000002b44cabe000 JavaThread "Signal Dispatcher" daemon [_thread_blocked, id=14984, stack(0x000000ddb2200000,0x000000ddb2300000)]
  0x000002b44cac0000 JavaThread "Attach Listener" daemon [_thread_blocked, id=14180, stack(0x000000ddb2300000,0x000000ddb2400000)]
  0x000002b44cac1000 JavaThread "C2 CompilerThread0" daemon [_thread_blocked, id=11712, stack(0x000000ddb2400000,0x000000ddb2500000)]
  0x000002b44cac7800 JavaThread "C1 CompilerThread0" daemon [_thread_blocked, id=2180, stack(0x000000ddb2500000,0x000000ddb2600000)]
  0x000002b44cc75000 JavaThread "Sweeper thread" daemon [_thread_blocked, id=10764, stack(0x000000ddb2600000,0x000000ddb2700000)]
  0x000002b44cf62800 JavaThread "Service Thread" daemon [_thread_blocked, id=15124, stack(0x000000ddb2700000,0x000000ddb2800000)]
  0x000002b44cf7c000 JavaThread "Common-Cleaner" daemon [_thread_blocked, id=12132, stack(0x000000ddb2900000,0x000000ddb2a00000)]
  0x000002b44e03a800 JavaThread "rpc-boss-3-1" daemon [_thread_in_native, id=6216, stack(0x000000ddb2d00000,0x000000ddb2e00000)]
  0x000002b44ea81800 JavaThread "dispatcher-event-loop-0" daemon [_thread_blocked, id=12444, stack(0x000000ddb2e00000,0x000000ddb2f00000)]
  0x000002b44e781800 JavaThread "dispatcher-event-loop-1" daemon [_thread_blocked, id=10372, stack(0x000000ddb2f00000,0x000000ddb3000000)]
  0x000002b44e2ea000 JavaThread "dispatcher-event-loop-2" daemon [_thread_blocked, id=10360, stack(0x000000ddb3000000,0x000000ddb3100000)]
  0x000002b44d6ad800 JavaThread "dispatcher-event-loop-3" daemon [_thread_blocked, id=11904, stack(0x000000ddb3100000,0x000000ddb3200000)]
  0x000002b44dc13000 JavaThread "map-output-dispatcher-0" daemon [_thread_blocked, id=13992, stack(0x000000ddb3200000,0x000000ddb3300000)]
  0x000002b44d92e000 JavaThread "map-output-dispatcher-1" daemon [_thread_blocked, id=14388, stack(0x000000ddb3300000,0x000000ddb3400000)]
  0x000002b44cdb7000 JavaThread "map-output-dispatcher-2" daemon [_thread_blocked, id=10608, stack(0x000000ddb3400000,0x000000ddb3500000)]
  0x000002b44ddc4000 JavaThread "map-output-dispatcher-3" daemon [_thread_blocked, id=10776, stack(0x000000ddb3500000,0x000000ddb3600000)]
  0x000002b44dd9b000 JavaThread "map-output-dispatcher-4" daemon [_thread_blocked, id=8332, stack(0x000000ddb3600000,0x000000ddb3700000)]
  0x000002b44dd9c000 JavaThread "map-output-dispatcher-5" daemon [_thread_blocked, id=716, stack(0x000000ddb3700000,0x000000ddb3800000)]
  0x000002b44dd9c800 JavaThread "map-output-dispatcher-6" daemon [_thread_blocked, id=14076, stack(0x000000ddb3800000,0x000000ddb3900000)]
  0x000002b44dd9d800 JavaThread "map-output-dispatcher-7" daemon [_thread_blocked, id=7952, stack(0x000000ddb3900000,0x000000ddb3a00000)]
  0x000002b44dd9e800 JavaThread "dispatcher-BlockManagerMaster" daemon [_thread_blocked, id=14620, stack(0x000000ddb3a00000,0x000000ddb3b00000)]
  0x000002b44dd9f000 JavaThread "dispatcher-BlockManagerEndpoint1" daemon [_thread_blocked, id=9280, stack(0x000000ddb3b00000,0x000000ddb3c00000)]
  0x000002b44dda0000 JavaThread "RemoteBlock-temp-file-clean-thread" daemon [_thread_blocked, id=13544, stack(0x000000ddb3c00000,0x000000ddb3d00000)]
  0x000002b44dda1000 JavaThread "SparkUI-31" daemon [_thread_in_native, id=12640, stack(0x000000ddb3d00000,0x000000ddb3e00000)]
  0x000002b44dda1800 JavaThread "SparkUI-32" daemon [_thread_in_native, id=12612, stack(0x000000ddb3e00000,0x000000ddb3f00000)]
  0x000002b44d325000 JavaThread "SparkUI-33-acceptor-0@5bd423e3-ServerConnector@5513c6e9{HTTP/1.1, (http/1.1)}{0.0.0.0:4040}" daemon [_thread_in_native, id=3440, stack(0x000000ddb3f00000,0x000000ddb4000000)]
  0x000002b44d328000 JavaThread "SparkUI-34" daemon [_thread_blocked, id=13464, stack(0x000000ddb4000000,0x000000ddb4100000)]
  0x000002b44d327800 JavaThread "SparkUI-35" daemon [_thread_blocked, id=11184, stack(0x000000ddb4100000,0x000000ddb4200000)]
  0x000002b44d325800 JavaThread "SparkUI-36" daemon [_thread_blocked, id=12912, stack(0x000000ddb4200000,0x000000ddb4300000)]
  0x000002b44d326800 JavaThread "SparkUI-37" daemon [_thread_blocked, id=11372, stack(0x000000ddb4300000,0x000000ddb4400000)]
  0x000002b44d329000 JavaThread "SparkUI-38" daemon [_thread_blocked, id=6440, stack(0x000000ddb4400000,0x000000ddb4500000)]
  0x000002b44d323800 JavaThread "dispatcher-HeartbeatReceiver" daemon [_thread_blocked, id=12408, stack(0x000000ddb4500000,0x000000ddb4600000)]
  0x000002b44d32a000 JavaThread "heartbeat-receiver-event-loop-thread" daemon [_thread_blocked, id=9812, stack(0x000000ddb4600000,0x000000ddb4700000)]
  0x000002b44d324000 JavaThread "netty-rpc-env-timeout" daemon [_thread_blocked, id=13336, stack(0x000000ddb4700000,0x000000ddb4800000)]
  0x000002b44d32b800 JavaThread "task-starvation-timer" daemon [_thread_blocked, id=9564, stack(0x000000ddb4800000,0x000000ddb4900000)]
  0x000002b44d32a800 JavaThread "task-abort-timer" daemon [_thread_blocked, id=14284, stack(0x000000ddb4900000,0x000000ddb4a00000)]
  0x000002b44d331000 JavaThread "dag-scheduler-event-loop" daemon [_thread_blocked, id=4468, stack(0x000000ddb4a00000,0x000000ddb4b00000)]
  0x000002b44d32f800 JavaThread "driver-heartbeater" daemon [_thread_blocked, id=15152, stack(0x000000ddb4b00000,0x000000ddb4c00000)]
  0x000002b44d332000 JavaThread "executor-kill-mark-cleanup" daemon [_thread_blocked, id=7048, stack(0x000000ddb4c00000,0x000000ddb4d00000)]
  0x000002b44d32d000 JavaThread "executor-heartbeater" daemon [_thread_blocked, id=1760, stack(0x000000ddb4d00000,0x000000ddb4e00000)]
  0x000002b44d330800 JavaThread "shuffle-boss-6-1" daemon [_thread_in_native, id=14348, stack(0x000000ddb4e00000,0x000000ddb4f00000)]
  0x000002b44d32e000 JavaThread "Spark Context Cleaner" daemon [_thread_blocked, id=13960, stack(0x000000ddb4f00000,0x000000ddb5000000)]
  0x000002b44d32e800 JavaThread "context-cleaner-periodic-gc" daemon [_thread_blocked, id=12512, stack(0x000000ddb5000000,0x000000ddb5100000)]
  0x000002b44d32c800 JavaThread "spark-listener-group-appStatus" daemon [_thread_blocked, id=10340, stack(0x000000ddb5100000,0x000000ddb5200000)]
  0x000002b45201c000 JavaThread "spark-listener-group-executorManagement" daemon [_thread_blocked, id=12832, stack(0x000000ddb5200000,0x000000ddb5300000)]
  0x000002b452019000 JavaThread "element-tracking-store-worker" daemon [_thread_blocked, id=13748, stack(0x000000ddb5400000,0x000000ddb5500000)]
  0x000002b45201d000 JavaThread "spark-listener-group-shared" daemon [_thread_blocked, id=13112, stack(0x000000ddb5500000,0x000000ddb5600000)]
  0x000002b45201b800 JavaThread "org.apache.hadoop.fs.FileSystem$Statistics$StatisticsDataReferenceCleaner" daemon [_thread_blocked, id=8884, stack(0x000000ddb5600000,0x000000ddb5700000)]
  0x000002b45201e800 JavaThread "Executor task launch worker for task 2.0 in stage 13.0 (TID 23)" daemon [_thread_blocked, id=8496, stack(0x000000ddb5a00000,0x000000ddb5b00000)]
  0x000002b45201a800 JavaThread "Executor task launch worker for task 1.0 in stage 13.0 (TID 22)" daemon [_thread_blocked, id=7452, stack(0x000000ddb5e00000,0x000000ddb5f00000)]
  0x000002b45201f800 JavaThread "Executor task launch worker for task 3.0 in stage 13.0 (TID 24)" daemon [_thread_blocked, id=13008, stack(0x000000ddb5f00000,0x000000ddb6000000)]
  0x000002b45201a000 JavaThread "Executor task launch worker for task 0.0 in stage 13.0 (TID 21)" daemon [_thread_blocked, id=3280, stack(0x000000ddb6000000,0x000000ddb6100000)]
  0x000002b452023000 JavaThread "task-result-getter-0" daemon [_thread_blocked, id=9372, stack(0x000000ddb6200000,0x000000ddb6300000)]
  0x000002b452020800 JavaThread "task-result-getter-1" daemon [_thread_blocked, id=4400, stack(0x000000ddb6300000,0x000000ddb6400000)]
  0x000002b452022000 JavaThread "task-result-getter-2" daemon [_thread_blocked, id=9660, stack(0x000000ddb6400000,0x000000ddb6500000)]
  0x000002b452021000 JavaThread "task-result-getter-3" daemon [_thread_blocked, id=15292, stack(0x000000ddb6500000,0x000000ddb6600000)]
  0x000002b452027000 JavaThread "QueryStageCreator-0" daemon [_thread_blocked, id=9592, stack(0x000000ddb6600000,0x000000ddb6700000)]
  0x000002b452025000 JavaThread "block-manager-storage-async-thread-pool-0" daemon [_thread_blocked, id=9048, stack(0x000000ddb6100000,0x000000ddb6200000)]
  0x000002b44d371000 JavaThread "block-manager-storage-async-thread-pool-1" daemon [_thread_blocked, id=3292, stack(0x000000ddb6a00000,0x000000ddb6b00000)]
  0x000002b44d36b800 JavaThread "block-manager-storage-async-thread-pool-2" daemon [_thread_blocked, id=12836, stack(0x000000ddb6b00000,0x000000ddb6c00000)]
  0x000002b44d36f800 JavaThread "block-manager-ask-thread-pool-0" daemon [_thread_blocked, id=7628, stack(0x000000ddb6c00000,0x000000ddb6d00000)]
  0x000002b44d36c000 JavaThread "block-manager-ask-thread-pool-1" daemon [_thread_blocked, id=10668, stack(0x000000ddb6d00000,0x000000ddb6e00000)]
  0x000002b44d372000 JavaThread "QueryStageCreator-1" daemon [_thread_blocked, id=3020, stack(0x000000ddb6700000,0x000000ddb6800000)]
  0x000002b44d372800 JavaThread "block-manager-storage-async-thread-pool-3" daemon [_thread_blocked, id=12472, stack(0x000000ddb6900000,0x000000ddb6a00000)]
  0x000002b44d36d000 JavaThread "block-manager-storage-async-thread-pool-4" daemon [_thread_blocked, id=1256, stack(0x000000ddb6e00000,0x000000ddb6f00000)]
  0x000002b44d36e800 JavaThread "block-manager-storage-async-thread-pool-5" daemon [_thread_blocked, id=11424, stack(0x000000ddb6f00000,0x000000ddb7000000)]
  0x000002b44d373800 JavaThread "block-manager-ask-thread-pool-2" daemon [_thread_blocked, id=10828, stack(0x000000ddb7000000,0x000000ddb7100000)]
  0x000002b44d370000 JavaThread "block-manager-ask-thread-pool-3" daemon [_thread_blocked, id=9272, stack(0x000000ddb7100000,0x000000ddb7200000)]
  0x000002b44d36d800 JavaThread "block-manager-storage-async-thread-pool-6" daemon [_thread_blocked, id=7336, stack(0x000000ddb6800000,0x000000ddb6900000)]
  0x000002b44d377800 JavaThread "block-manager-storage-async-thread-pool-7" daemon [_thread_blocked, id=1828, stack(0x000000ddb7200000,0x000000ddb7300000)]
  0x000002b44d374000 JavaThread "block-manager-storage-async-thread-pool-8" daemon [_thread_blocked, id=4816, stack(0x000000ddb7300000,0x000000ddb7400000)]
  0x000002b44d375000 JavaThread "block-manager-ask-thread-pool-4" daemon [_thread_blocked, id=4424, stack(0x000000ddb7400000,0x000000ddb7500000)]
  0x000002b44d376000 JavaThread "block-manager-ask-thread-pool-5" daemon [_thread_blocked, id=11900, stack(0x000000ddb7500000,0x000000ddb7600000)]
  0x000002b44d378800 JavaThread "QueryStageCreator-2" daemon [_thread_blocked, id=7816, stack(0x000000ddb7600000,0x000000ddb7700000)]
  0x000002b44d376800 JavaThread "block-manager-storage-async-thread-pool-9" daemon [_thread_blocked, id=12484, stack(0x000000ddb7700000,0x000000ddb7800000)]
  0x000002b44d379000 JavaThread "block-manager-storage-async-thread-pool-10" daemon [_thread_blocked, id=4904, stack(0x000000ddb7800000,0x000000ddb7900000)]
  0x000002b44d37a000 JavaThread "block-manager-storage-async-thread-pool-11" daemon [_thread_blocked, id=14536, stack(0x000000ddb7900000,0x000000ddb7a00000)]
  0x000002b452023800 JavaThread "block-manager-ask-thread-pool-6" daemon [_thread_blocked, id=12720, stack(0x000000ddb7a00000,0x000000ddb7b00000)]
  0x000002b452024800 JavaThread "block-manager-ask-thread-pool-7" daemon [_thread_blocked, id=8272, stack(0x000000ddb7b00000,0x000000ddb7c00000)]
  0x000002b452026000 JavaThread "QueryStageCreator-3" daemon [_thread_blocked, id=12572, stack(0x000000ddb7c00000,0x000000ddb7d00000)]
  0x000002b456bc5000 JavaThread "block-manager-storage-async-thread-pool-12" daemon [_thread_blocked, id=8968, stack(0x000000ddb7d00000,0x000000ddb7e00000)]
  0x000002b456bc7800 JavaThread "block-manager-storage-async-thread-pool-13" daemon [_thread_blocked, id=1628, stack(0x000000ddb7e00000,0x000000ddb7f00000)]
  0x000002b456bc7000 JavaThread "block-manager-storage-async-thread-pool-14" daemon [_thread_blocked, id=6636, stack(0x000000ddb7f00000,0x000000ddb8000000)]
  0x000002b456bc4800 JavaThread "block-manager-ask-thread-pool-8" daemon [_thread_blocked, id=9768, stack(0x000000ddb8000000,0x000000ddb8100000)]
  0x000002b456bc2000 JavaThread "block-manager-ask-thread-pool-9" daemon [_thread_blocked, id=10328, stack(0x000000ddb8100000,0x000000ddb8200000)]

Other Threads:
=>0x000002b44ca58000 VMThread "VM Thread" [stack: 0x000000ddb1f00000,0x000000ddb2000000] [id=8796]
  0x000002b44cf7a800 WatcherThread [stack: 0x000000ddb2800000,0x000000ddb2900000] [id=12536]
  0x00000293228da000 GCTaskThread "GC Thread#0" [stack: 0x000000ddb1a00000,0x000000ddb1b00000] [id=5436]
  0x000002b44ea84800 GCTaskThread "GC Thread#1" [stack: 0x000000ddb2b00000,0x000000ddb2c00000] [id=13904]
  0x000002b44ceef800 GCTaskThread "GC Thread#2" [stack: 0x000000ddb2c00000,0x000000ddb2d00000] [id=2572]
  0x000002b44d27a800 GCTaskThread "GC Thread#3" [stack: 0x000000ddb5300000,0x000000ddb5400000] [id=1288]
  0x0000029322917800 ConcurrentGCThread "G1 Main Marker" [stack: 0x000000ddb1b00000,0x000000ddb1c00000] [id=11524]
  0x0000029322918800 ConcurrentGCThread "G1 Conc#0" [stack: 0x000000ddb1c00000,0x000000ddb1d00000] [id=10624]
  0x0000029322930000 ConcurrentGCThread "G1 Refine#0" [stack: 0x000000ddb1d00000,0x000000ddb1e00000] [id=11928]
  0x000002b4527cd800 ConcurrentGCThread "G1 Refine#1" [stack: 0x000000ddb5b00000,0x000000ddb5c00000] [id=11888]
  0x000002b452c54000 ConcurrentGCThread "G1 Refine#2" [stack: 0x000000ddb5c00000,0x000000ddb5d00000] [id=12356]
  0x000002b454525000 ConcurrentGCThread "G1 Refine#3" [stack: 0x000000ddb5d00000,0x000000ddb5e00000] [id=2564]
  0x0000029322931000 ConcurrentGCThread "G1 Young RemSet Sampling" [stack: 0x000000ddb1e00000,0x000000ddb1f00000] [id=13796]

Threads with active compile tasks:
C2 CompilerThread0  56455 11870       4       org.apache.xbean.asm9.ClassReader::readCode (5109 bytes)
C1 CompilerThread0  56455 12305 %     3       org.apache.spark.util.SizeEstimator$::visitArray @ 112 (252 bytes)

VM state:at safepoint (normal execution)

VM Mutex/Monitor currently owned by a thread:  ([mutex/lock_event])
[0x00000293228be410] Threads_lock - owner thread: 0x000002b44ca58000
[0x00000293228bea40] Heap_lock - owner thread: 0x000002b45201f800

Heap:
 garbage-first heap   total 7340032K, used 557056K [0x000002933a000000, 0x000002b33a000000)
  region size 32768K, 1 young (32768K), 1 survivors (32768K)
 Metaspace       used 128728K, capacity 135922K, committed 136148K, reserved 137216K
Heap Regions: E=young(eden), S=young(survivor), O=old, HS=humongous(starts), HC=humongous(continues), CS=collection set, F=free, A=archive, TAMS=top-at-mark-start (previous, next)
|   0|0x000002933a000000, 0x000002933c000000, 0x000002933c000000|100%| O|  |TAMS 0x000002933c000000, 0x000002933a000000| Untracked 
|   1|0x000002933c000000, 0x000002933e000000, 0x000002933e000000|100%| O|  |TAMS 0x000002933e000000, 0x000002933c000000| Untracked 
|   2|0x000002933e000000, 0x0000029340000000, 0x0000029340000000|100%| O|  |TAMS 0x000002933e000000, 0x000002933e000000| Untracked 
|   3|0x0000029340000000, 0x0000029342000000, 0x0000029342000000|100%| O|  |TAMS 0x0000029342000000, 0x0000029340000000| Untracked 
|   4|0x0000029342000000, 0x0000029344000000, 0x0000029344000000|100%| O|  |TAMS 0x0000029344000000, 0x0000029342000000| Untracked 
|   5|0x0000029344000000, 0x0000029346000000, 0x0000029346000000|100%| O|  |TAMS 0x000002934497b600, 0x0000029344000000| Untracked 
|   6|0x0000029346000000, 0x0000029348000000, 0x0000029348000000|100%| O|  |TAMS 0x0000029346000000, 0x0000029346000000| Untracked 
|   7|0x0000029348000000, 0x000002934a000000, 0x000002934a000000|100%| O|  |TAMS 0x0000029348000000, 0x0000029348000000| Untracked 
|   8|0x000002934a000000, 0x000002934c000000, 0x000002934c000000|100%| O|  |TAMS 0x000002934a000000, 0x000002934a000000| Untracked 
|   9|0x000002934c000000, 0x000002934e000000, 0x000002934e000000|100%| O|  |TAMS 0x000002934c000000, 0x000002934c000000| Untracked 
|  10|0x000002934e000000, 0x0000029350000000, 0x0000029350000000|100%| O|  |TAMS 0x000002934e000000, 0x000002934e000000| Untracked 
|  11|0x0000029350000000, 0x0000029352000000, 0x0000029352000000|100%| O|  |TAMS 0x0000029350000000, 0x0000029350000000| Untracked 
|  12|0x0000029352000000, 0x0000029354000000, 0x0000029354000000|100%| O|  |TAMS 0x0000029352000000, 0x0000029352000000| Untracked 
|  13|0x0000029354000000, 0x0000029356000000, 0x0000029356000000|100%| O|  |TAMS 0x0000029354000000, 0x0000029354000000| Untracked 
|  14|0x0000029356000000, 0x0000029358000000, 0x0000029358000000|100%| O|  |TAMS 0x0000029356000000, 0x0000029356000000| Untracked 
|  15|0x0000029358000000, 0x000002935a000000, 0x000002935a000000|100%| O|  |TAMS 0x0000029358000000, 0x0000029358000000| Untracked 
|  16|0x000002935a000000, 0x000002935a000000, 0x000002935c000000|  0%| F|  |TAMS 0x000002935a000000, 0x000002935a000000| Untracked 
|  17|0x000002935c000000, 0x000002935c000000, 0x000002935e000000|  0%| F|  |TAMS 0x000002935c000000, 0x000002935c000000| Untracked 
|  18|0x000002935e000000, 0x000002935e000000, 0x0000029360000000|  0%| F|  |TAMS 0x000002935e000000, 0x000002935e000000| Untracked 
|  19|0x0000029360000000, 0x0000029360000000, 0x0000029362000000|  0%| F|  |TAMS 0x0000029360000000, 0x0000029360000000| Untracked 
|  20|0x0000029362000000, 0x0000029362000000, 0x0000029364000000|  0%| F|  |TAMS 0x0000029362000000, 0x0000029362000000| Untracked 
|  21|0x0000029364000000, 0x0000029364000000, 0x0000029366000000|  0%| F|  |TAMS 0x0000029364000000, 0x0000029364000000| Untracked 
|  22|0x0000029366000000, 0x0000029366000000, 0x0000029368000000|  0%| F|  |TAMS 0x0000029366000000, 0x0000029366000000| Untracked 
|  23|0x0000029368000000, 0x0000029368000000, 0x000002936a000000|  0%| F|  |TAMS 0x0000029368000000, 0x0000029368000000| Untracked 
|  24|0x000002936a000000, 0x000002936a000000, 0x000002936c000000|  0%| F|  |TAMS 0x000002936a000000, 0x000002936a000000| Untracked 
|  25|0x000002936c000000, 0x000002936c000000, 0x000002936e000000|  0%| F|  |TAMS 0x000002936c000000, 0x000002936c000000| Untracked 
|  26|0x000002936e000000, 0x000002936e000000, 0x0000029370000000|  0%| F|  |TAMS 0x000002936e000000, 0x000002936e000000| Untracked 
|  27|0x0000029370000000, 0x0000029370000000, 0x0000029372000000|  0%| F|  |TAMS 0x0000029370000000, 0x0000029370000000| Untracked 
|  28|0x0000029372000000, 0x0000029372000000, 0x0000029374000000|  0%| F|  |TAMS 0x0000029372000000, 0x0000029372000000| Untracked 
|  29|0x0000029374000000, 0x0000029374000000, 0x0000029376000000|  0%| F|  |TAMS 0x0000029374000000, 0x0000029374000000| Untracked 
|  30|0x0000029376000000, 0x0000029376000000, 0x0000029378000000|  0%| F|  |TAMS 0x0000029376000000, 0x0000029376000000| Untracked 
|  31|0x0000029378000000, 0x0000029378000000, 0x000002937a000000|  0%| F|  |TAMS 0x0000029378000000, 0x0000029378000000| Untracked 
|  32|0x000002937a000000, 0x000002937a000000, 0x000002937c000000|  0%| F|  |TAMS 0x000002937a000000, 0x000002937a000000| Untracked 
|  33|0x000002937c000000, 0x000002937c000000, 0x000002937e000000|  0%| F|  |TAMS 0x000002937c000000, 0x000002937c000000| Untracked 
|  34|0x000002937e000000, 0x000002937e000000, 0x0000029380000000|  0%| F|  |TAMS 0x000002937e000000, 0x000002937e000000| Untracked 
|  35|0x0000029380000000, 0x0000029380000000, 0x0000029382000000|  0%| F|  |TAMS 0x0000029380000000, 0x0000029380000000| Untracked 
|  36|0x0000029382000000, 0x0000029382000000, 0x0000029384000000|  0%| F|  |TAMS 0x0000029382000000, 0x0000029382000000| Untracked 
|  37|0x0000029384000000, 0x0000029384000000, 0x0000029386000000|  0%| F|  |TAMS 0x0000029384000000, 0x0000029384000000| Untracked 
|  38|0x0000029386000000, 0x0000029386000000, 0x0000029388000000|  0%| F|  |TAMS 0x0000029386000000, 0x0000029386000000| Untracked 
|  39|0x0000029388000000, 0x0000029388000000, 0x000002938a000000|  0%| F|  |TAMS 0x0000029388000000, 0x0000029388000000| Untracked 
|  40|0x000002938a000000, 0x000002938a000000, 0x000002938c000000|  0%| F|  |TAMS 0x000002938a000000, 0x000002938a000000| Untracked 
|  41|0x000002938c000000, 0x000002938c000000, 0x000002938e000000|  0%| F|  |TAMS 0x000002938c000000, 0x000002938c000000| Untracked 
|  42|0x000002938e000000, 0x000002938e000000, 0x0000029390000000|  0%| F|  |TAMS 0x000002938e000000, 0x000002938e000000| Untracked 
|  43|0x0000029390000000, 0x0000029390000000, 0x0000029392000000|  0%| F|  |TAMS 0x0000029390000000, 0x0000029390000000| Untracked 
|  44|0x0000029392000000, 0x0000029392000000, 0x0000029394000000|  0%| F|  |TAMS 0x0000029392000000, 0x0000029392000000| Untracked 
|  45|0x0000029394000000, 0x0000029394000000, 0x0000029396000000|  0%| F|  |TAMS 0x0000029394000000, 0x0000029394000000| Untracked 
|  46|0x0000029396000000, 0x0000029396000000, 0x0000029398000000|  0%| F|  |TAMS 0x0000029396000000, 0x0000029396000000| Untracked 
|  47|0x0000029398000000, 0x0000029398000000, 0x000002939a000000|  0%| F|  |TAMS 0x0000029398000000, 0x0000029398000000| Untracked 
|  48|0x000002939a000000, 0x000002939a000000, 0x000002939c000000|  0%| F|  |TAMS 0x000002939a000000, 0x000002939a000000| Untracked 
|  49|0x000002939c000000, 0x000002939c000000, 0x000002939e000000|  0%| F|  |TAMS 0x000002939c000000, 0x000002939c000000| Untracked 
|  50|0x000002939e000000, 0x000002939e000000, 0x00000293a0000000|  0%| F|  |TAMS 0x000002939e000000, 0x000002939e000000| Untracked 
|  51|0x00000293a0000000, 0x00000293a0000000, 0x00000293a2000000|  0%| F|  |TAMS 0x00000293a0000000, 0x00000293a0000000| Untracked 
|  52|0x00000293a2000000, 0x00000293a2000000, 0x00000293a4000000|  0%| F|  |TAMS 0x00000293a2000000, 0x00000293a2000000| Untracked 
|  53|0x00000293a4000000, 0x00000293a4000000, 0x00000293a6000000|  0%| F|  |TAMS 0x00000293a4000000, 0x00000293a4000000| Untracked 
|  54|0x00000293a6000000, 0x00000293a6000000, 0x00000293a8000000|  0%| F|  |TAMS 0x00000293a6000000, 0x00000293a6000000| Untracked 
|  55|0x00000293a8000000, 0x00000293a8000000, 0x00000293aa000000|  0%| F|  |TAMS 0x00000293a8000000, 0x00000293a8000000| Untracked 
|  56|0x00000293aa000000, 0x00000293aa000000, 0x00000293ac000000|  0%| F|  |TAMS 0x00000293aa000000, 0x00000293aa000000| Untracked 
|  57|0x00000293ac000000, 0x00000293ac000000, 0x00000293ae000000|  0%| F|  |TAMS 0x00000293ac000000, 0x00000293ac000000| Untracked 
|  58|0x00000293ae000000, 0x00000293ae000000, 0x00000293b0000000|  0%| F|  |TAMS 0x00000293ae000000, 0x00000293ae000000| Untracked 
|  59|0x00000293b0000000, 0x00000293b0000000, 0x00000293b2000000|  0%| F|  |TAMS 0x00000293b0000000, 0x00000293b0000000| Untracked 
|  60|0x00000293b2000000, 0x00000293b2000000, 0x00000293b4000000|  0%| F|  |TAMS 0x00000293b2000000, 0x00000293b2000000| Untracked 
|  61|0x00000293b4000000, 0x00000293b4000000, 0x00000293b6000000|  0%| F|  |TAMS 0x00000293b4000000, 0x00000293b4000000| Untracked 
|  62|0x00000293b6000000, 0x00000293b6000000, 0x00000293b8000000|  0%| F|  |TAMS 0x00000293b6000000, 0x00000293b6000000| Untracked 
|  63|0x00000293b8000000, 0x00000293b8000000, 0x00000293ba000000|  0%| F|  |TAMS 0x00000293b8000000, 0x00000293b8000000| Untracked 
|  64|0x00000293ba000000, 0x00000293ba000000, 0x00000293bc000000|  0%| F|  |TAMS 0x00000293ba000000, 0x00000293ba000000| Untracked 
|  65|0x00000293bc000000, 0x00000293bc000000, 0x00000293be000000|  0%| F|  |TAMS 0x00000293bc000000, 0x00000293bc000000| Untracked 
|  66|0x00000293be000000, 0x00000293be000000, 0x00000293c0000000|  0%| F|  |TAMS 0x00000293be000000, 0x00000293be000000| Untracked 
|  67|0x00000293c0000000, 0x00000293c0000000, 0x00000293c2000000|  0%| F|  |TAMS 0x00000293c0000000, 0x00000293c0000000| Untracked 
|  68|0x00000293c2000000, 0x00000293c2000000, 0x00000293c4000000|  0%| F|  |TAMS 0x00000293c2000000, 0x00000293c2000000| Untracked 
|  69|0x00000293c4000000, 0x00000293c4000000, 0x00000293c6000000|  0%| F|  |TAMS 0x00000293c4000000, 0x00000293c4000000| Untracked 
|  70|0x00000293c6000000, 0x00000293c6000000, 0x00000293c8000000|  0%| F|  |TAMS 0x00000293c6000000, 0x00000293c6000000| Untracked 
|  71|0x00000293c8000000, 0x00000293c8000000, 0x00000293ca000000|  0%| F|  |TAMS 0x00000293c8000000, 0x00000293c8000000| Untracked 
|  72|0x00000293ca000000, 0x00000293ca000000, 0x00000293cc000000|  0%| F|  |TAMS 0x00000293ca000000, 0x00000293ca000000| Untracked 
|  73|0x00000293cc000000, 0x00000293cc000000, 0x00000293ce000000|  0%| F|  |TAMS 0x00000293cc000000, 0x00000293cc000000| Untracked 
|  74|0x00000293ce000000, 0x00000293ce000000, 0x00000293d0000000|  0%| F|  |TAMS 0x00000293ce000000, 0x00000293ce000000| Untracked 
|  75|0x00000293d0000000, 0x00000293d0000000, 0x00000293d2000000|  0%| F|  |TAMS 0x00000293d0000000, 0x00000293d0000000| Untracked 
|  76|0x00000293d2000000, 0x00000293d2000000, 0x00000293d4000000|  0%| F|  |TAMS 0x00000293d2000000, 0x00000293d2000000| Untracked 
|  77|0x00000293d4000000, 0x00000293d4000000, 0x00000293d6000000|  0%| F|  |TAMS 0x00000293d4000000, 0x00000293d4000000| Untracked 
|  78|0x00000293d6000000, 0x00000293d6000000, 0x00000293d8000000|  0%| F|  |TAMS 0x00000293d6000000, 0x00000293d6000000| Untracked 
|  79|0x00000293d8000000, 0x00000293d8000000, 0x00000293da000000|  0%| F|  |TAMS 0x00000293d8000000, 0x00000293d8000000| Untracked 
|  80|0x00000293da000000, 0x00000293da000000, 0x00000293dc000000|  0%| F|  |TAMS 0x00000293da000000, 0x00000293da000000| Untracked 
|  81|0x00000293dc000000, 0x00000293dc000000, 0x00000293de000000|  0%| F|  |TAMS 0x00000293dc000000, 0x00000293dc000000| Untracked 
|  82|0x00000293de000000, 0x00000293de000000, 0x00000293e0000000|  0%| F|  |TAMS 0x00000293de000000, 0x00000293de000000| Untracked 
|  83|0x00000293e0000000, 0x00000293e0000000, 0x00000293e2000000|  0%| F|  |TAMS 0x00000293e0000000, 0x00000293e0000000| Untracked 
|  84|0x00000293e2000000, 0x00000293e2000000, 0x00000293e4000000|  0%| F|  |TAMS 0x00000293e2000000, 0x00000293e2000000| Untracked 
|  85|0x00000293e4000000, 0x00000293e4000000, 0x00000293e6000000|  0%| F|  |TAMS 0x00000293e4000000, 0x00000293e4000000| Untracked 
|  86|0x00000293e6000000, 0x00000293e6000000, 0x00000293e8000000|  0%| F|  |TAMS 0x00000293e6000000, 0x00000293e6000000| Untracked 
|  87|0x00000293e8000000, 0x00000293e8000000, 0x00000293ea000000|  0%| F|  |TAMS 0x00000293e8000000, 0x00000293e8000000| Untracked 
|  88|0x00000293ea000000, 0x00000293ea000000, 0x00000293ec000000|  0%| F|  |TAMS 0x00000293ea000000, 0x00000293ea000000| Untracked 
|  89|0x00000293ec000000, 0x00000293ec000000, 0x00000293ee000000|  0%| F|  |TAMS 0x00000293ec000000, 0x00000293ec000000| Untracked 
|  90|0x00000293ee000000, 0x00000293ee000000, 0x00000293f0000000|  0%| F|  |TAMS 0x00000293ee000000, 0x00000293ee000000| Untracked 
|  91|0x00000293f0000000, 0x00000293f0000000, 0x00000293f2000000|  0%| F|  |TAMS 0x00000293f0000000, 0x00000293f0000000| Untracked 
|  92|0x00000293f2000000, 0x00000293f2000000, 0x00000293f4000000|  0%| F|  |TAMS 0x00000293f2000000, 0x00000293f2000000| Untracked 
|  93|0x00000293f4000000, 0x00000293f4000000, 0x00000293f6000000|  0%| F|  |TAMS 0x00000293f4000000, 0x00000293f4000000| Untracked 
|  94|0x00000293f6000000, 0x00000293f6000000, 0x00000293f8000000|  0%| F|  |TAMS 0x00000293f6000000, 0x00000293f6000000| Untracked 
|  95|0x00000293f8000000, 0x00000293f8000000, 0x00000293fa000000|  0%| F|  |TAMS 0x00000293f8000000, 0x00000293f8000000| Untracked 
|  96|0x00000293fa000000, 0x00000293fa000000, 0x00000293fc000000|  0%| F|  |TAMS 0x00000293fa000000, 0x00000293fa000000| Untracked 
|  97|0x00000293fc000000, 0x00000293fc000000, 0x00000293fe000000|  0%| F|  |TAMS 0x00000293fc000000, 0x00000293fc000000| Untracked 
|  98|0x00000293fe000000, 0x00000293fe000000, 0x0000029400000000|  0%| F|  |TAMS 0x00000293fe000000, 0x00000293fe000000| Untracked 
|  99|0x0000029400000000, 0x0000029400000000, 0x0000029402000000|  0%| F|  |TAMS 0x0000029400000000, 0x0000029400000000| Untracked 
| 100|0x0000029402000000, 0x0000029402000000, 0x0000029404000000|  0%| F|  |TAMS 0x0000029402000000, 0x0000029402000000| Untracked 
| 101|0x0000029404000000, 0x0000029404000000, 0x0000029406000000|  0%| F|  |TAMS 0x0000029404000000, 0x0000029404000000| Untracked 
| 102|0x0000029406000000, 0x0000029406000000, 0x0000029408000000|  0%| F|  |TAMS 0x0000029406000000, 0x0000029406000000| Untracked 
| 103|0x0000029408000000, 0x0000029408000000, 0x000002940a000000|  0%| F|  |TAMS 0x0000029408000000, 0x0000029408000000| Untracked 
| 104|0x000002940a000000, 0x000002940a000000, 0x000002940c000000|  0%| F|  |TAMS 0x000002940a000000, 0x000002940a000000| Untracked 
| 105|0x000002940c000000, 0x000002940c000000, 0x000002940e000000|  0%| F|  |TAMS 0x000002940c000000, 0x000002940c000000| Untracked 
| 106|0x000002940e000000, 0x000002940e000000, 0x0000029410000000|  0%| F|  |TAMS 0x000002940e000000, 0x000002940e000000| Untracked 
| 107|0x0000029410000000, 0x0000029410000000, 0x0000029412000000|  0%| F|  |TAMS 0x0000029410000000, 0x0000029410000000| Untracked 
| 108|0x0000029412000000, 0x0000029412000000, 0x0000029414000000|  0%| F|  |TAMS 0x0000029412000000, 0x0000029412000000| Untracked 
| 109|0x0000029414000000, 0x0000029414000000, 0x0000029416000000|  0%| F|  |TAMS 0x0000029414000000, 0x0000029414000000| Untracked 
| 110|0x0000029416000000, 0x0000029416000000, 0x0000029418000000|  0%| F|  |TAMS 0x0000029416000000, 0x0000029416000000| Untracked 
| 111|0x0000029418000000, 0x0000029418000000, 0x000002941a000000|  0%| F|  |TAMS 0x0000029418000000, 0x0000029418000000| Untracked 
| 112|0x000002941a000000, 0x000002941a000000, 0x000002941c000000|  0%| F|  |TAMS 0x000002941a000000, 0x000002941a000000| Untracked 
| 113|0x000002941c000000, 0x000002941c000000, 0x000002941e000000|  0%| F|  |TAMS 0x000002941c000000, 0x000002941c000000| Untracked 
| 114|0x000002941e000000, 0x000002941e000000, 0x0000029420000000|  0%| F|  |TAMS 0x000002941e000000, 0x000002941e000000| Untracked 
| 115|0x0000029420000000, 0x0000029420000000, 0x0000029422000000|  0%| F|  |TAMS 0x0000029420000000, 0x0000029420000000| Untracked 
| 116|0x0000029422000000, 0x0000029422000000, 0x0000029424000000|  0%| F|  |TAMS 0x0000029422000000, 0x0000029422000000| Untracked 
| 117|0x0000029424000000, 0x0000029426000000, 0x0000029426000000|100%| S|CS|TAMS 0x0000029424000000, 0x0000029424000000| Complete 
| 118|0x0000029426000000, 0x0000029426000000, 0x0000029428000000|  0%| F|  |TAMS 0x0000029426000000, 0x0000029426000000| Untracked 
| 119|0x0000029428000000, 0x0000029428000000, 0x000002942a000000|  0%| F|  |TAMS 0x0000029428000000, 0x0000029428000000| Untracked 
| 120|0x000002942a000000, 0x000002942a000000, 0x000002942c000000|  0%| F|  |TAMS 0x000002942a000000, 0x000002942a000000| Untracked 
| 121|0x000002942c000000, 0x000002942c000000, 0x000002942e000000|  0%| F|  |TAMS 0x000002942c000000, 0x000002942c000000| Untracked 
| 122|0x000002942e000000, 0x000002942e000000, 0x0000029430000000|  0%| F|  |TAMS 0x000002942e000000, 0x000002942e000000| Untracked 
| 123|0x0000029430000000, 0x0000029430000000, 0x0000029432000000|  0%| F|  |TAMS 0x0000029430000000, 0x0000029430000000| Untracked 
| 124|0x0000029432000000, 0x0000029432000000, 0x0000029434000000|  0%| F|  |TAMS 0x0000029432000000, 0x0000029432000000| Untracked 

Card table byte_map: [0x0000029310410000,0x0000029320410000] _byte_map_base: 0x00000291c6a40000

Marking Bits (Prev, Next): (CMBitMap*) 0x0000029322906880, (CMBitMap*) 0x0000029322906848
 Prev Bits: [0x000002b3ca000000, 0x000002b44a000000)
 Next Bits: [0x000002b34a000000, 0x000002b3ca000000)

Polling page: 0x0000029322060000

Metaspace:

Usage:
  132.74 MB capacity,   125.71 MB ( 95%) used,     6.10 MB (  5%) free+waste,   950.50 KB ( <1%) overhead. 

Virtual space:
    134.00 MB reserved,     132.96 MB (>99%) committed 

Chunk freelists:
4.25 KB

CodeHeap 'non-profiled nmethods': size=120064Kb used=5520Kb max_used=5563Kb free=114543Kb
 bounds [0x00000293327c0000, 0x0000029332d30000, 0x0000029339d00000]
CodeHeap 'profiled nmethods': size=120000Kb used=18472Kb max_used=18925Kb free=101527Kb
 bounds [0x000002932b290000, 0x000002932c530000, 0x00000293327c0000]
CodeHeap 'non-nmethods': size=5696Kb used=1471Kb max_used=1505Kb free=4224Kb
 bounds [0x000002932ad00000, 0x000002932af70000, 0x000002932b290000]
 total_blobs=10992 nmethods=10047 adapters=853
 compilation: enabled
              stopped_count=0, restarted_count=0
 full_count=0

Compilation events (10 events):
Event: 56.204 Thread 0x000002b44cac7800 nmethod 12292 0x000002932badd990 code [0x000002932baddc40, 0x000002932bade570]
Event: 56.204 Thread 0x000002b44cac7800 12279       2       org.apache.spark.sql.catalyst.expressions.UnsafeRow::getArray (6 bytes)
Event: 56.205 Thread 0x000002b44cac7800 nmethod 12279 0x000002932ba3be10 code [0x000002932ba3bfc0, 0x000002932ba3c130]
Event: 56.205 Thread 0x000002b44cac7800 12289       2       org.apache.spark.sql.catalyst.expressions.UnsafeArrayData::pointTo (139 bytes)
Event: 56.205 Thread 0x000002b44cac7800 nmethod 12289 0x000002932ba41410 code [0x000002932ba415c0, 0x000002932ba41818]
Event: 56.205 Thread 0x000002b44cac7800 12287       2       org.apache.spark.util.collection.AppendOnlyMap::changeValue (231 bytes)
Event: 56.208 Thread 0x000002b44cac7800 nmethod 12287 0x000002932baf9610 code [0x000002932baf98a0, 0x000002932bafa240]
Event: 56.208 Thread 0x000002b44cac7800 12304       2       org.apache.spark.sql.catalyst.expressions.codegen.UnsafeWriter::writeUnalignedBytes (50 bytes)
Event: 56.209 Thread 0x000002b44cac7800 nmethod 12304 0x000002932ba40c10 code [0x000002932ba40de0, 0x000002932ba41110]
Event: 56.209 Thread 0x000002b44cac7800 12305 %     3       org.apache.spark.util.SizeEstimator$::visitArray @ 112 (252 bytes)

GC Heap History (10 events):
Event: 49.556 GC heap after
{Heap after GC invocations=38 (full 0):
 garbage-first heap   total 2392064K, used 439597K [0x000002933a000000, 0x000002b33a000000)
  region size 32768K, 1 young (32768K), 1 survivors (32768K)
 Metaspace       used 121794K, capacity 128342K, committed 128468K, reserved 129024K
}
Event: 50.458 GC heap before
{Heap before GC invocations=38 (full 0):
 garbage-first heap   total 2392064K, used 570669K [0x000002933a000000, 0x000002b33a000000)
  region size 32768K, 6 young (196608K), 1 survivors (32768K)
 Metaspace       used 121908K, capacity 128454K, committed 128468K, reserved 129024K
}
Event: 50.605 GC heap after
{Heap after GC invocations=39 (full 0):
 garbage-first heap   total 4096000K, used 467278K [0x000002933a000000, 0x000002b33a000000)
  region size 32768K, 1 young (32768K), 1 survivors (32768K)
 Metaspace       used 121908K, capacity 128454K, committed 128468K, reserved 129024K
}
Event: 51.554 GC heap before
{Heap before GC invocations=39 (full 0):
 garbage-first heap   total 4096000K, used 598350K [0x000002933a000000, 0x000002b33a000000)
  region size 32768K, 6 young (196608K), 1 survivors (32768K)
 Metaspace       used 122095K, capacity 128688K, committed 128724K, reserved 129024K
}
Event: 51.726 GC heap after
{Heap after GC invocations=40 (full 0):
 garbage-first heap   total 4096000K, used 474862K [0x000002933a000000, 0x000002b33a000000)
  region size 32768K, 1 young (32768K), 1 survivors (32768K)
 Metaspace       used 122095K, capacity 128688K, committed 128724K, reserved 129024K
}
Event: 52.841 GC heap before
{Heap before GC invocations=40 (full 0):
 garbage-first heap   total 4096000K, used 638702K [0x000002933a000000, 0x000002b33a000000)
  region size 32768K, 6 young (196608K), 1 survivors (32768K)
 Metaspace       used 122120K, capacity 128698K, committed 128724K, reserved 129024K
}
Event: 52.984 GC heap after
{Heap after GC invocations=41 (full 0):
 garbage-first heap   total 4096000K, used 517647K [0x000002933a000000, 0x000002b33a000000)
  region size 32768K, 1 young (32768K), 1 survivors (32768K)
 Metaspace       used 122120K, capacity 128698K, committed 128724K, reserved 129024K
}
Event: 55.352 GC heap before
{Heap before GC invocations=41 (full 0):
 garbage-first heap   total 4096000K, used 648719K [0x000002933a000000, 0x000002b33a000000)
  region size 32768K, 6 young (196608K), 1 survivors (32768K)
 Metaspace       used 127653K, capacity 134603K, committed 134612K, reserved 135168K
}
Event: 55.395 GC heap after
{Heap after GC invocations=42 (full 0):
 garbage-first heap   total 4096000K, used 514781K [0x000002933a000000, 0x000002b33a000000)
  region size 32768K, 1 young (32768K), 1 survivors (32768K)
 Metaspace       used 127653K, capacity 134603K, committed 134612K, reserved 135168K
}
Event: 56.210 GC heap before
{Heap before GC invocations=42 (full 0):
 garbage-first heap   total 4096000K, used 678621K [0x000002933a000000, 0x000002b33a000000)
  region size 32768K, 7 young (229376K), 1 survivors (32768K)
 Metaspace       used 128728K, capacity 135922K, committed 136148K, reserved 137216K
}

Deoptimization events (10 events):
Event: 56.001 Thread 0x000002b45201a000 Uncommon trap: reason=unstable_if action=reinterpret pc=0x0000029332a7e59c method=scala.collection.immutable.HashMap$HashMap1.ensurePair()Lscala/Tuple2; @ 4 c2
Event: 56.002 Thread 0x000002b45201a800 Uncommon trap: reason=unstable_if action=reinterpret pc=0x0000029332a7e59c method=scala.collection.immutable.HashMap$HashMap1.ensurePair()Lscala/Tuple2; @ 4 c2
Event: 56.002 Thread 0x000002b45201e800 Uncommon trap: reason=unstable_if action=reinterpret pc=0x0000029332a60a04 method=scala.collection.immutable.HashMap$HashMap1.ensurePair()Lscala/Tuple2; @ 4 c2
Event: 56.002 Thread 0x000002b45201f800 Uncommon trap: reason=unstable_if action=reinterpret pc=0x0000029332a5f768 method=scala.collection.immutable.HashMap$HashMap1.ensurePair()Lscala/Tuple2; @ 4 c2
Event: 56.002 Thread 0x000002b45201a800 Uncommon trap: reason=unstable_if action=reinterpret pc=0x0000029332a5f768 method=scala.collection.immutable.HashMap$HashMap1.ensurePair()Lscala/Tuple2; @ 4 c2
Event: 56.002 Thread 0x000002b45201e800 Uncommon trap: reason=unstable_if action=reinterpret pc=0x0000029332a5f768 method=scala.collection.immutable.HashMap$HashMap1.ensurePair()Lscala/Tuple2; @ 4 c2
Event: 56.137 Thread 0x000002b45201f800 Uncommon trap: reason=unstable_if action=reinterpret pc=0x0000029332bbf650 method=org.apache.spark.unsafe.Platform.copyMemory(Ljava/lang/Object;JLjava/lang/Object;JJ)V @ 4 c2
Event: 56.144 Thread 0x000002b45201a000 Uncommon trap: reason=unstable_if action=reinterpret pc=0x0000029332cbc1b8 method=org.apache.spark.sql.catalyst.expressions.codegen.BufferHolder.grow(I)V @ 97 c2
Event: 56.205 Thread 0x000002b45201a800 Uncommon trap: reason=unstable_if action=reinterpret pc=0x0000029332ce4084 method=org.apache.spark.unsafe.Platform.copyMemory(Ljava/lang/Object;JLjava/lang/Object;JJ)V @ 4 c2
Event: 56.205 Thread 0x000002b45201f800 Uncommon trap: reason=unstable_if action=reinterpret pc=0x0000029332ce4084 method=org.apache.spark.unsafe.Platform.copyMemory(Ljava/lang/Object;JLjava/lang/Object;JJ)V @ 4 c2

Classes redefined (0 events):
No events

Internal exceptions (10 events):
Event: 55.989 Thread 0x000002b45201f800 Exception <a 'java/lang/NoSuchMethodError'{0x00000294260bd528}: java.lang.invoke.DirectMethodHandle$Holder.invokeStatic(Ljava/lang/Object;Ljava/lang/Object;Ljava/lang/Object;IJ)Ljava/lang/Object;> (0x00000294260bd528) thrown at [./open/src/hotspot/share/i
Event: 55.989 Thread 0x000002b45201a800 Exception <a 'java/lang/NoSuchMethodError'{0x000002942605af58}: java.lang.invoke.DirectMethodHandle$Holder.invokeStatic(Ljava/lang/Object;Ljava/lang/Object;Ljava/lang/Object;IJ)Ljava/lang/Object;> (0x000002942605af58) thrown at [./open/src/hotspot/share/i
Event: 55.990 Thread 0x000002b45201f800 Exception <a 'java/lang/NoSuchMethodError'{0x00000294260c7af0}: java.lang.invoke.DirectMethodHandle$Holder.invokeStatic(Ljava/lang/Object;Ljava/lang/Object;DI)Ljava/lang/Object;> (0x00000294260c7af0) thrown at [./open/src/hotspot/share/interpreter/linkRes
Event: 55.990 Thread 0x000002b45201a000 Exception <a 'java/lang/NoSuchMethodError'{0x000002942611a4f0}: java.lang.invoke.DirectMethodHandle$Holder.invokeStatic(Ljava/lang/Object;Ljava/lang/Object;DI)Ljava/lang/Object;> (0x000002942611a4f0) thrown at [./open/src/hotspot/share/interpreter/linkRes
Event: 55.992 Thread 0x000002b45201a000 Exception <a 'java/lang/NoSuchMethodError'{0x0000029426122e48}: java.lang.invoke.DirectMethodHandle$Holder.invokeStatic(Ljava/lang/Object;Ljava/lang/Object;Ljava/lang/Object;Ljava/lang/Object;Ljava/lang/Object;Ljava/lang/Object;Ljava/lang/Object;)V> (0x00
Event: 55.992 Thread 0x000002b45201e800 Exception <a 'java/lang/NoSuchMethodError'{0x00000294261b6f08}: java.lang.invoke.DirectMethodHandle$Holder.invokeStatic(Ljava/lang/Object;Ljava/lang/Object;Ljava/lang/Object;Ljava/lang/Object;Ljava/lang/Object;Ljava/lang/Object;Ljava/lang/Object;)V> (0x00
Event: 55.992 Thread 0x000002b45201f800 Exception <a 'java/lang/NoSuchMethodError'{0x00000294260d3c00}: java.lang.invoke.DirectMethodHandle$Holder.invokeStatic(Ljava/lang/Object;Ljava/lang/Object;Ljava/lang/Object;Ljava/lang/Object;Ljava/lang/Object;Ljava/lang/Object;Ljava/lang/Object;)V> (0x00
Event: 55.992 Thread 0x000002b45201a800 Exception <a 'java/lang/NoSuchMethodError'{0x000002942606caa0}: java.lang.invoke.DirectMethodHandle$Holder.invokeStatic(Ljava/lang/Object;Ljava/lang/Object;Ljava/lang/Object;Ljava/lang/Object;Ljava/lang/Object;Ljava/lang/Object;Ljava/lang/Object;)V> (0x00
Event: 55.993 Thread 0x000002b45201e800 Exception <a 'java/lang/NoSuchMethodError'{0x00000294261bc540}: java.lang.invoke.DirectMethodHandle$Holder.invokeStatic(Ljava/lang/Object;Ljava/lang/Object;Ljava/lang/Object;Ljava/lang/Object;Ljava/lang/Object;Ljava/lang/Object;Ljava/lang/Object;Ljava/lan
Event: 55.993 Thread 0x000002b45201a800 Exception <a 'java/lang/NoSuchMethodError'{0x0000029426071668}: java.lang.invoke.DirectMethodHandle$Holder.invokeStatic(Ljava/lang/Object;Ljava/lang/Object;Ljava/lang/Object;Ljava/lang/Object;Ljava/lang/Object;Ljava/lang/Object;Ljava/lang/Object;Ljava/lan

Events (10 events):
Event: 56.144 Thread 0x000002b45201a000 Uncommon trap: trap_request=0xffffff4d fr.pc=0x0000029332cbc1b8 relative=0x0000000000000098
Event: 56.144 Thread 0x000002b45201a000 DEOPT PACKING pc=0x0000029332cbc1b8 sp=0x000000ddb60fe470
Event: 56.144 Thread 0x000002b45201a000 DEOPT UNPACKING pc=0x000002932ad28e2f sp=0x000000ddb60fe3d8 mode 2
Event: 56.204 Thread 0x000002b45201a800 Uncommon trap: trap_request=0xffffff4d fr.pc=0x0000029332ce4084 relative=0x00000000000004c4
Event: 56.205 Thread 0x000002b45201a800 DEOPT PACKING pc=0x0000029332ce4084 sp=0x000000ddb5efe340
Event: 56.204 Thread 0x000002b45201f800 Uncommon trap: trap_request=0xffffff4d fr.pc=0x0000029332ce4084 relative=0x00000000000004c4
Event: 56.205 Thread 0x000002b45201a800 DEOPT UNPACKING pc=0x000002932ad28e2f sp=0x000000ddb5efe2a0 mode 2
Event: 56.205 Thread 0x000002b45201f800 DEOPT PACKING pc=0x0000029332ce4084 sp=0x000000ddb5ffe4c0
Event: 56.205 Thread 0x000002b45201f800 DEOPT UNPACKING pc=0x000002932ad28e2f sp=0x000000ddb5ffe420 mode 2
Event: 56.210 Executing VM operation: G1CollectForAllocation


Dynamic libraries:
0x00007ff7dddc0000 - 0x00007ff7dddcf000 	C:\Program Files\Java\jdk-11.0.9\bin\java.exe
0x00007ff9520f0000 - 0x00007ff952307000 	C:\Windows\SYSTEM32\ntdll.dll
0x00007ff951fa0000 - 0x00007ff952064000 	C:\Windows\System32\KERNEL32.DLL
0x00007ff94f940000 - 0x00007ff94fcf7000 	C:\Windows\System32\KERNELBASE.dll
0x00007ff94f720000 - 0x00007ff94f831000 	C:\Windows\System32\ucrtbase.dll
0x00007ff94b010000 - 0x00007ff94b028000 	C:\Program Files\Java\jdk-11.0.9\bin\jli.dll
0x00007ff950130000 - 0x00007ff9501e2000 	C:\Windows\System32\ADVAPI32.dll
0x00007ff951d70000 - 0x00007ff951e17000 	C:\Windows\System32\msvcrt.dll
0x00007ff951e20000 - 0x00007ff951ec8000 	C:\Windows\System32\sechost.dll
0x00007ff94f840000 - 0x00007ff94f868000 	C:\Windows\System32\bcrypt.dll
0x00007ff950590000 - 0x00007ff9506a4000 	C:\Windows\System32\RPCRT4.dll
0x00007ff9506b0000 - 0x00007ff95085f000 	C:\Windows\System32\USER32.dll
0x00007ff94f910000 - 0x00007ff94f936000 	C:\Windows\System32\win32u.dll
0x00007ff951f70000 - 0x00007ff951f99000 	C:\Windows\System32\GDI32.dll
0x00007ff94fd00000 - 0x00007ff94fe18000 	C:\Windows\System32\gdi32full.dll
0x00007ff94f870000 - 0x00007ff94f90a000 	C:\Windows\System32\msvcp_win.dll
0x00007ff94aff0000 - 0x00007ff94b005000 	C:\Program Files\Java\jdk-11.0.9\bin\VCRUNTIME140.dll
0x00007ff93dd20000 - 0x00007ff93dfb3000 	C:\Windows\WinSxS\amd64_microsoft.windows.common-controls_6595b64144ccf1df_6.0.22621.3672_none_2713b9d173822955\COMCTL32.dll
0x00007ff947a90000 - 0x00007ff947a9a000 	C:\Windows\SYSTEM32\VERSION.dll
0x00007ff951d30000 - 0x00007ff951d61000 	C:\Windows\System32\IMM32.DLL
0x00007ff938270000 - 0x00007ff93830b000 	C:\Program Files\Java\jdk-11.0.9\bin\msvcp140.dll
0x00007ff90b210000 - 0x00007ff90bd07000 	C:\Program Files\Java\jdk-11.0.9\bin\server\jvm.dll
0x00007ff9511c0000 - 0x00007ff9511c8000 	C:\Windows\System32\PSAPI.DLL
0x00007ff9404e0000 - 0x00007ff9404e9000 	C:\Windows\SYSTEM32\WSOCK32.dll
0x00007ff951440000 - 0x00007ff9514b1000 	C:\Windows\System32\WS2_32.dll
0x00007ff94ae70000 - 0x00007ff94aea4000 	C:\Windows\SYSTEM32\WINMM.dll
0x00007ff94e450000 - 0x00007ff94e468000 	C:\Windows\SYSTEM32\kernel.appcore.dll
0x00007ff94b840000 - 0x00007ff94b850000 	C:\Program Files\Java\jdk-11.0.9\bin\verify.dll
0x00007ff93bb30000 - 0x00007ff93bd62000 	C:\Windows\SYSTEM32\DBGHELP.DLL
0x00007ff9501f0000 - 0x00007ff95057e000 	C:\Windows\System32\combase.dll
0x00007ff950fe0000 - 0x00007ff9510b7000 	C:\Windows\System32\OLEAUT32.dll
0x00007ff9376f0000 - 0x00007ff937722000 	C:\Windows\SYSTEM32\dbgcore.DLL
0x00007ff94f570000 - 0x00007ff94f5eb000 	C:\Windows\System32\bcryptPrimitives.dll
0x00007ff948e50000 - 0x00007ff948e78000 	C:\Program Files\Java\jdk-11.0.9\bin\java.dll
0x00007ff94b080000 - 0x00007ff94b08a000 	C:\Program Files\Java\jdk-11.0.9\bin\jimage.dll
0x00007ff94afb0000 - 0x00007ff94afc6000 	C:\Program Files\Java\jdk-11.0.9\bin\zip.dll
0x00007ff9514c0000 - 0x00007ff951d29000 	C:\Windows\System32\SHELL32.dll
0x00007ff94d370000 - 0x00007ff94dc6f000 	C:\Windows\SYSTEM32\windows.storage.dll
0x00007ff94d230000 - 0x00007ff94d36f000 	C:\Windows\SYSTEM32\wintypes.dll
0x00007ff950030000 - 0x00007ff950129000 	C:\Windows\System32\SHCORE.dll
0x00007ff950860000 - 0x00007ff9508be000 	C:\Windows\System32\shlwapi.dll
0x00007ff94f330000 - 0x00007ff94f357000 	C:\Windows\SYSTEM32\profapi.dll
0x00007ff94a8e0000 - 0x00007ff94a8f9000 	C:\Program Files\Java\jdk-11.0.9\bin\net.dll
0x00007ff94b370000 - 0x00007ff94b4a6000 	C:\Windows\SYSTEM32\WINHTTP.dll
0x00007ff94e8c0000 - 0x00007ff94e929000 	C:\Windows\system32\mswsock.dll
0x00007ff948d90000 - 0x00007ff948da2000 	C:\Program Files\Java\jdk-11.0.9\bin\nio.dll
0x00007ff9405b0000 - 0x00007ff9405b9000 	C:\Program Files\Java\jdk-11.0.9\bin\management.dll
0x00007ff9405a0000 - 0x00007ff9405ab000 	C:\Program Files\Java\jdk-11.0.9\bin\management_ext.dll
0x00007ff8df670000 - 0x00007ff8df687000 	C:\Windows\system32\napinsp.dll
0x00007ff8df690000 - 0x00007ff8df6ab000 	C:\Windows\system32\pnrpnsp.dll
0x00007ff94df40000 - 0x00007ff94e042000 	C:\Windows\SYSTEM32\DNSAPI.dll
0x00007ff94ded0000 - 0x00007ff94defd000 	C:\Windows\SYSTEM32\IPHLPAPI.DLL
0x00007ff9511d0000 - 0x00007ff9511d9000 	C:\Windows\System32\NSI.dll
0x00007ff8df6b0000 - 0x00007ff8df6c1000 	C:\Windows\System32\winrnr.dll
0x00007ff930c70000 - 0x00007ff930c85000 	C:\Windows\system32\wshbth.dll
0x00007ff90d1f0000 - 0x00007ff90d217000 	C:\Windows\system32\nlansp_c.dll
0x00007ff93ed40000 - 0x00007ff93ed4a000 	C:\Windows\System32\rasadhlp.dll
0x00007ff948810000 - 0x00007ff948893000 	C:\Windows\System32\fwpuclnt.dll
0x00007ff938200000 - 0x00007ff938209000 	C:\Program Files\Java\jdk-11.0.9\bin\jaas.dll
0x00007ff94eb10000 - 0x00007ff94eb2b000 	C:\Windows\SYSTEM32\CRYPTSP.dll
0x00007ff94e3b0000 - 0x00007ff94e3e5000 	C:\Windows\system32\rsaenh.dll
0x00007ff94e9b0000 - 0x00007ff94e9d8000 	C:\Windows\SYSTEM32\USERENV.dll
0x00007ff94eb30000 - 0x00007ff94eb3c000 	C:\Windows\SYSTEM32\CRYPTBASE.dll
0x00007ff94b1c0000 - 0x00007ff94b1d9000 	C:\Windows\SYSTEM32\dhcpcsvc6.DLL
0x00007ff94b1a0000 - 0x00007ff94b1bf000 	C:\Windows\SYSTEM32\dhcpcsvc.DLL
0x0000000066f40000 - 0x0000000066fc4000 	C:\Users\30694\AppData\Local\Temp\liblz4-java-13060679538801718154.so

dbghelp: loaded successfully - version: 4.0.5 - missing functions: none
symbol engine: initialized successfully - sym options: 0x614 - pdb path: .;C:\Program Files\Java\jdk-11.0.9\bin;C:\Windows\SYSTEM32;C:\Windows\WinSxS\amd64_microsoft.windows.common-controls_6595b64144ccf1df_6.0.22621.3672_none_2713b9d173822955;C:\Program Files\Java\jdk-11.0.9\bin\server;C:\Users\30694\AppData\Local\Temp

VM Arguments:
jvm_args: -Xmx128G -Dspark.executor.memory=32G -Dspark.driver.memory=32G -Dspark.driver.total.executor.cores=96 -Dspark.executor.cores=8 -Dspark.driver.cores=3 -Dspark.executor.instances=10 -Dspark.yarn.executor.memoryOverhead=8G -Dspark.driver.maxResultSize=16G 
java_command: Main MB6 INCREMENTAL 100000
java_class_path (initial): C:\Users\30694\Desktop\HybridLSHSchemaDiscovery\schemadiscovery\target\bg-jobs\sbt_d172c4eb\job-1\target\11f2dd71\adc85302\schemadiscovery_2.12-0.1.0-SNAPSHOT.jar;C:\Users\30694\Desktop\HybridLSHSchemaDiscovery\schemadiscovery\target\bg-jobs\sbt_d172c4eb\target\e1043186\5a707d77\scala-library-2.12.17.jar;C:\Users\30694\Desktop\HybridLSHSchemaDiscovery\schemadiscovery\target\bg-jobs\sbt_d172c4eb\target\b4c69391\dfb0ef96\spark-core_2.12-3.4.1.jar;C:\Users\30694\Desktop\HybridLSHSchemaDiscovery\schemadiscovery\target\bg-jobs\sbt_d172c4eb\target\ea04ac25\2d196a77\spark-sql_2.12-3.4.1.jar;C:\Users\30694\Desktop\HybridLSHSchemaDiscovery\schemadiscovery\target\bg-jobs\sbt_d172c4eb\target\97a96a61\b41caa23\spark-mllib_2.12-3.4.1.jar;C:\Users\30694\Desktop\HybridLSHSchemaDiscovery\schemadiscovery\target\bg-jobs\sbt_d172c4eb\target\a78f5491\0ae58ff9\spark-hive_2.12-3.4.1.jar;C:\Users\30694\Desktop\HybridLSHSchemaDiscovery\schemadiscovery\target\bg-jobs\sbt_d172c4eb\target\65f007c8\d39ff7b6\neo4j-java-driver-4.4.10.jar;C:\Users\30694\Desktop\HybridLSHSchemaDiscovery\schemadiscovery\target\bg-jobs\sbt_d172c4eb\target\86334f8f\fb8b2971\neo4j-connector-apache-spark_2.12-4.1.4.jar;C:\Users\30694\Desktop\HybridLSHSchemaDiscovery\schemadiscovery\target\bg-jobs\sbt_d172c4eb\target\e55a15f1\2ae93f8b\ujson_2.12-3.1.3.jar;C:\Users\30694\Desktop\HybridLSHSchemaDiscovery\schemadiscovery\target\bg-jobs\sbt_d172c4eb\target\53a06970\c24622f8\requests_2.12-0.8.0.jar;C:\Users\30694\Desktop\HybridLSHSchemaDiscovery\schemadiscovery\target\bg-jobs\sbt_d172c4eb\target\312a107d\52bc2a55\avro-1.11.1.jar;C:\Users\30694\Desktop\HybridLSHSchemaDiscovery\schemadiscovery\target\bg-jobs\sbt_d172c4eb\target\6592e806\42d47e84\avro-mapred-1.11.1.jar;C:\Users\30694\Desktop\HybridLSHSchemaDiscovery\schemadiscovery\target\bg-jobs\sbt_d172c4eb\target\d7a64018\9035d1e8\chill_2.12-0.10.0.jar;C:\Users\30694\Desktop\HybridLSHSchemaDiscovery\schemadiscovery\target\bg-jobs\sbt_d172c4eb\tar
Launcher Type: SUN_STANDARD

[Global flags]
     intx CICompilerCount                          = 3                                         {product} {ergonomic}
     uint ConcGCThreads                            = 1                                         {product} {ergonomic}
     uint G1ConcRefinementThreads                  = 4                                         {product} {ergonomic}
   size_t G1HeapRegionSize                         = 33554432                                  {product} {ergonomic}
    uintx GCDrainStackTargetSize                   = 64                                        {product} {ergonomic}
   size_t InitialHeapSize                          = 67108864                                  {product} {ergonomic}
   size_t MarkStackSize                            = 4194304                                   {product} {ergonomic}
   size_t MaxHeapSize                              = 137438953472                              {product} {command line}
   size_t MaxNewSize                               = 82443239424                               {product} {ergonomic}
   size_t MinHeapDeltaBytes                        = 33554432                                  {product} {ergonomic}
    uintx NonNMethodCodeHeapSize                   = 5830732                                {pd product} {ergonomic}
    uintx NonProfiledCodeHeapSize                  = 122913754                              {pd product} {ergonomic}
    uintx ProfiledCodeHeapSize                     = 122913754                              {pd product} {ergonomic}
    uintx ReservedCodeCacheSize                    = 251658240                              {pd product} {ergonomic}
     bool SegmentedCodeCache                       = true                                      {product} {ergonomic}
     bool UseG1GC                                  = true                                      {product} {ergonomic}
     bool UseLargePagesIndividualAllocation        = false                                  {pd product} {ergonomic}

Logging:
Log output configuration:
 #0: stdout all=warning uptime,level,tags
 #1: stderr all=off uptime,level,tags

Environment Variables:
JAVA_HOME=C:\Program Files\Java\jdk-11.0.9
CLASSPATH=C:\Users\30694\Desktop\HybridLSHSchemaDiscovery\schemadiscovery\target\bg-jobs\sbt_d172c4eb\job-1\target\11f2dd71\adc85302\schemadiscovery_2.12-0.1.0-SNAPSHOT.jar;C:\Users\30694\Desktop\HybridLSHSchemaDiscovery\schemadiscovery\target\bg-jobs\sbt_d172c4eb\target\e1043186\5a707d77\scala-library-2.12.17.jar;C:\Users\30694\Desktop\HybridLSHSchemaDiscovery\schemadiscovery\target\bg-jobs\sbt_d172c4eb\target\b4c69391\dfb0ef96\spark-core_2.12-3.4.1.jar;C:\Users\30694\Desktop\HybridLSHSchemaDiscovery\schemadiscovery\target\bg-jobs\sbt_d172c4eb\target\ea04ac25\2d196a77\spark-sql_2.12-3.4.1.jar;C:\Users\30694\Desktop\HybridLSHSchemaDiscovery\schemadiscovery\target\bg-jobs\sbt_d172c4eb\target\97a96a61\b41caa23\spark-mllib_2.12-3.4.1.jar;C:\Users\30694\Desktop\HybridLSHSchemaDiscovery\schemadiscovery\target\bg-jobs\sbt_d172c4eb\target\a78f5491\0ae58ff9\spark-hive_2.12-3.4.1.jar;C:\Users\30694\Desktop\HybridLSHSchemaDiscovery\schemadiscovery\target\bg-jobs\sbt_d172c4eb\target\65f007c8\d39ff7b6\neo4j-java-driver-4.4.10.jar;C:\Users\30694\Desktop\HybridLSHSchemaDiscovery\schemadiscovery\target\bg-jobs\sbt_d172c4eb\target\86334f8f\fb8b2971\neo4j-connector-apache-spark_2.12-4.1.4.jar;C:\Users\30694\Desktop\HybridLSHSchemaDiscovery\schemadiscovery\target\bg-jobs\sbt_d172c4eb\target\e55a15f1\2ae93f8b\ujson_2.12-3.1.3.jar;C:\Users\30694\Desktop\HybridLSHSchemaDiscovery\schemadiscovery\target\bg-jobs\sbt_d172c4eb\target\53a06970\c24622f8\requests_2.12-0.8.0.jar;C:\Users\30694\Desktop\HybridLSHSchemaDiscovery\schemadiscovery\target\bg-jobs\sbt_d172c4eb\target\312a107d\52bc2a55\avro-1.11.1.jar;C:\Users\30694\Desktop\HybridLSHSchemaDiscovery\schemadiscovery\target\bg-jobs\sbt_d172c4eb\target\6592e806\42d47e84\avro-mapred-1.11.1.jar;C:\Users\30694\Desktop\HybridLSHSchemaDiscovery\schemadiscovery\target\bg-jobs\sbt_d172c4eb\target\d7a64018\9035d1e8\chill_2.12-0.10.0.jar;C:\Users\30694\Desktop\HybridLSHSchemaDiscovery\schemadiscovery\target\bg-jobs\sbt_d172c4eb\target\aa843c4a\5ea1e05e\chill
PATH=C:\Program Files\Java\jdk-11.0.9\bin;C:\Program Files\Java\jdk-11.0.9\bin;C:\Python313\Scripts\;C:\Python313\;C:\Program Files\Java\jdk-11.0.9\bin;C:\Windows\system32;C:\Windows;C:\Windows\System32\Wbem;C:\Windows\System32\WindowsPowerShell\v1.0\;C:\Windows\System32\OpenSSH\;C:\Windows\SysWOW64;C:\Windows\SysWOW64\Wbem;C:\Windows\SysWOW64\WindowsPowerShell\v1.0\;C:\Program Files\nodejs\;C:\Program Files\Java\jdk-11.0.9\bin;C:\Users\30694\AppData\Local\Programs\Python\Python312\Scripts\;C:\Users\30694\AppData\Local\Programs\Python\Python312\;C:\Windows\system32;C:\Windows;C:\Windows\System32\Wbem;C:\Windows\System32\WindowsPowerShell\v1.0\;C:\Windows\System32\OpenSSH\;C:\Program Files\PuTTY\;C:\ProgramData\chocolatey\bin;C:\Program Files\nodejs\;C:\Program Files\Git\cmd;C:\Program Files (x86)\sbt\bin;C:\Program Files (x86)\scala\bin;C:\Users\30694\AppData\Local\Microsoft\WindowsApps;C:\Users\30694\AppData\Local\Programs\Microsoft VS Code\bin;C:\Users\30694\AppData\Local\Coursier\data\bin;C:\tools\;C:\hadoop\bin;C:\Users\30694\AppData\Roaming\npm
USERNAME=30694
OS=Windows_NT
PROCESSOR_IDENTIFIER=Intel64 Family 6 Model 142 Stepping 10, GenuineIntel



---------------  S Y S T E M  ---------------

OS: Windows 10 , 64 bit Build 22621 (10.0.22621.3958)

CPU:total 4 (initial active 4) (2 cores per cpu, 2 threads per core) family 6 model 142 stepping 10, cmov, cx8, fxsr, mmx, sse, sse2, sse3, ssse3, sse4.1, sse4.2, popcnt, avx, avx2, aes, clmul, erms, 3dnowpref, lzcnt, ht, tsc, tscinvbit, bmi1, bmi2, adx, fma

Memory: 4k page, system-wide physical 4005M (241M free)
TotalPageFile size 16251M (AvailPageFile size 742M)
current process WorkingSet (physical memory assigned to process): 1232M, peak: 1234M
current process commit charge ("private bytes"): 4472M, peak: 7640M

vm_info: Java HotSpot(TM) 64-Bit Server VM (11.0.9+7-LTS) for windows-amd64 JRE (11.0.9+7-LTS), built on Sep 15 2020 16:47:03 by "mach5one" with MS VC++ 15.9 (VS2017)

END.
